TN:
SF:src\controllers\UserController.ts
FN:7,UserController
FN:11,UserController.createUser
FN:22,UserController.getUser
FN:39,UserController.getAllUsers
FN:44,UserController.deleteUser
FNF:5
FNH:2
FNDA:1,UserController
FNDA:0,UserController.createUser
FNDA:1,UserController.getUser
FNDA:0,UserController.getAllUsers
FNDA:0,UserController.deleteUser
DA:1,1
DA:2,1
DA:3,1
DA:4,1
DA:5,1
DA:6,1
DA:7,1
DA:8,1
DA:9,1
DA:10,1
DA:11,1
DA:12,0
DA:13,0
DA:14,0
DA:15,0
DA:16,0
DA:17,0
DA:18,0
DA:19,0
DA:20,0
DA:21,1
DA:22,1
DA:23,1
DA:24,1
DA:25,1
DA:26,0
DA:27,0
DA:28,0
DA:29,0
DA:30,0
DA:31,0
DA:32,0
DA:33,0
DA:34,1
DA:35,1
DA:36,1
DA:37,1
DA:38,1
DA:39,1
DA:40,0
DA:41,0
DA:42,0
DA:43,1
DA:44,1
DA:45,0
DA:46,0
DA:47,0
DA:48,0
DA:49,0
DA:50,0
DA:51,0
DA:52,0
DA:53,0
DA:54,0
DA:55,0
DA:56,0
DA:57,0
DA:58,0
DA:59,0
DA:60,0
DA:61,1
LF:61
LH:25
BRDA:7,0,0,1
BRDA:22,1,0,1
BRDA:22,2,0,1
BRDA:25,3,0,0
BRF:4
BRH:3
end_of_record
